ORIGINAL LESK

2017-07-21 18:00:32,963 Start evaluating data/test-set.txt ...
2017-07-21 18:29:24,967 ==================================
2017-07-21 18:29:24,967 TP: 35
2017-07-21 18:29:24,967 FP: 65
2017-07-21 18:29:24,967 Precision: 35.0
2017-07-21 18:29:24,967 ==================================
2017-07-21 18:29:24,967

WEIGHTED LESK

2017-07-22 11:08:30,330 Start evaluating data/test-set.txt ...
2017-07-22 11:25:46,894 ==================================
2017-07-22 11:25:46,894 TP: 34
2017-07-22 11:25:46,894 FP: 66
2017-07-22 11:25:46,895 Precision: 34.0
2017-07-22 11:25:46,895 ==================================

SEMCOR LESK


2017-08-04 18:59:55,922 Start evaluating data/dev-set.txt ...
2017-08-04 19:03:02,293 ==================================
2017-08-04 19:03:02,293 TP: 8
2017-08-04 19:03:02,293 FP: 12
2017-08-04 19:03:02,294 Precision: 40.0
2017-08-04 19:03:02,294 ==================================
2017-08-04 19:03:02,294 
2017-08-15 13:02:55,353 Start evaluating data/test-set.txt ...
2017-08-15 13:20:41,385 ==================================
2017-08-15 13:20:41,385 TP: 35
2017-08-15 13:20:41,385 FP: 65
2017-08-15 13:20:41,385 Precision: 35.0
2017-08-15 13:20:41,385 ==================================
2017-08-15 13:20:41,386 

